<?xml version="1.0" encoding="UTF-8"?>
<!-- Generated by org.testng.reporters.JUnitXMLReporter -->
<testsuite hostname="Rishabh-PC" ignored="0" name="Test" tests="6" failures="0" timestamp="25 Feb 2022 20:33:14 GMT" time="6.087" errors="0">
  <testcase name="findProduct" time="4.256" classname="testcases.JeansTest"/>
  <testcase name="discountedPriceList" time="0.515" classname="testcases.JeansTest"/>
  <testcase name="nameList" time="0.226" classname="testcases.JeansTest"/>
  <testcase name="originalPriceList" time="0.254" classname="testcases.JeansTest"/>
  <testcase name="details" time="0.543" classname="testcases.JeansTest"/>
  <testcase name="highPriceJeans" time="0.226" classname="testcases.JeansTest"/>
</testsuite> <!-- Test -->
