<?xml version="1.0" encoding="UTF-8"?>
<!-- Generated by org.testng.reporters.JUnitXMLReporter -->
<testsuite hostname="Rishabh-PC" ignored="0" name="Test" tests="6" failures="0" timestamp="25 Feb 2022 20:33:30 GMT" time="4.978" errors="0">
  <testcase name="findProduct" time="3.287" classname="testcases.JeansTest"/>
  <testcase name="discountedPriceList" time="0.494" classname="testcases.JeansTest"/>
  <testcase name="nameList" time="0.212" classname="testcases.JeansTest"/>
  <testcase name="originalPriceList" time="0.262" classname="testcases.JeansTest"/>
  <testcase name="details" time="0.483" classname="testcases.JeansTest"/>
  <testcase name="highPriceJeans" time="0.223" classname="testcases.JeansTest"/>
</testsuite> <!-- Test -->
